mode: set
github.com/nguyentrunghieu15/vcs-be-prj/pkg/user/main.go:44.100,56.9 3 1
github.com/nguyentrunghieu15/vcs-be-prj/pkg/user/main.go:56.9,65.3 2 0
github.com/nguyentrunghieu15/vcs-be-prj/pkg/user/main.go:67.2,68.9 2 1
github.com/nguyentrunghieu15/vcs-be-prj/pkg/user/main.go:68.9,77.3 2 0
github.com/nguyentrunghieu15/vcs-be-prj/pkg/user/main.go:79.2,79.67 1 1
github.com/nguyentrunghieu15/vcs-be-prj/pkg/user/main.go:79.67,88.3 2 0
github.com/nguyentrunghieu15/vcs-be-prj/pkg/user/main.go:93.2,93.53 1 1
github.com/nguyentrunghieu15/vcs-be-prj/pkg/user/main.go:93.53,102.3 2 1
github.com/nguyentrunghieu15/vcs-be-prj/pkg/user/main.go:105.2,106.16 2 0
github.com/nguyentrunghieu15/vcs-be-prj/pkg/user/main.go:106.16,116.3 2 0
github.com/nguyentrunghieu15/vcs-be-prj/pkg/user/main.go:117.2,117.48 1 0
github.com/nguyentrunghieu15/vcs-be-prj/pkg/user/main.go:121.110,132.9 3 1
github.com/nguyentrunghieu15/vcs-be-prj/pkg/user/main.go:132.9,141.3 2 0
github.com/nguyentrunghieu15/vcs-be-prj/pkg/user/main.go:143.2,144.9 2 1
github.com/nguyentrunghieu15/vcs-be-prj/pkg/user/main.go:144.9,153.3 2 0
github.com/nguyentrunghieu15/vcs-be-prj/pkg/user/main.go:155.2,155.67 1 1
github.com/nguyentrunghieu15/vcs-be-prj/pkg/user/main.go:155.67,164.3 2 0
github.com/nguyentrunghieu15/vcs-be-prj/pkg/user/main.go:169.2,170.16 2 1
github.com/nguyentrunghieu15/vcs-be-prj/pkg/user/main.go:170.16,179.3 2 1
github.com/nguyentrunghieu15/vcs-be-prj/pkg/user/main.go:180.2,180.39 1 1
github.com/nguyentrunghieu15/vcs-be-prj/pkg/user/main.go:180.39,189.3 2 0
github.com/nguyentrunghieu15/vcs-be-prj/pkg/user/main.go:192.2,193.16 2 1
github.com/nguyentrunghieu15/vcs-be-prj/pkg/user/main.go:193.16,203.3 2 0
github.com/nguyentrunghieu15/vcs-be-prj/pkg/user/main.go:204.2,204.48 1 1
github.com/nguyentrunghieu15/vcs-be-prj/pkg/user/main.go:208.114,218.9 3 1
github.com/nguyentrunghieu15/vcs-be-prj/pkg/user/main.go:218.9,227.3 2 0
github.com/nguyentrunghieu15/vcs-be-prj/pkg/user/main.go:229.2,230.9 2 1
github.com/nguyentrunghieu15/vcs-be-prj/pkg/user/main.go:230.9,239.3 2 0
github.com/nguyentrunghieu15/vcs-be-prj/pkg/user/main.go:241.2,241.67 1 1
github.com/nguyentrunghieu15/vcs-be-prj/pkg/user/main.go:241.67,250.3 2 0
github.com/nguyentrunghieu15/vcs-be-prj/pkg/user/main.go:255.2,255.39 1 1
github.com/nguyentrunghieu15/vcs-be-prj/pkg/user/main.go:255.39,265.3 2 1
github.com/nguyentrunghieu15/vcs-be-prj/pkg/user/main.go:266.2,266.51 1 1
github.com/nguyentrunghieu15/vcs-be-prj/pkg/user/main.go:266.51,276.3 2 0
github.com/nguyentrunghieu15/vcs-be-prj/pkg/user/main.go:279.2,280.16 2 1
github.com/nguyentrunghieu15/vcs-be-prj/pkg/user/main.go:280.16,289.3 2 0
github.com/nguyentrunghieu15/vcs-be-prj/pkg/user/main.go:290.2,290.88 1 1
github.com/nguyentrunghieu15/vcs-be-prj/pkg/user/main.go:294.103,305.9 3 0
github.com/nguyentrunghieu15/vcs-be-prj/pkg/user/main.go:305.9,314.3 2 0
github.com/nguyentrunghieu15/vcs-be-prj/pkg/user/main.go:316.2,317.9 2 0
github.com/nguyentrunghieu15/vcs-be-prj/pkg/user/main.go:317.9,326.3 2 0
github.com/nguyentrunghieu15/vcs-be-prj/pkg/user/main.go:328.2,328.69 1 0
github.com/nguyentrunghieu15/vcs-be-prj/pkg/user/main.go:328.69,337.3 2 0
github.com/nguyentrunghieu15/vcs-be-prj/pkg/user/main.go:342.2,342.39 1 0
github.com/nguyentrunghieu15/vcs-be-prj/pkg/user/main.go:342.39,353.3 2 0
github.com/nguyentrunghieu15/vcs-be-prj/pkg/user/main.go:356.2,357.23 2 0
github.com/nguyentrunghieu15/vcs-be-prj/pkg/user/main.go:357.23,369.3 2 0
github.com/nguyentrunghieu15/vcs-be-prj/pkg/user/main.go:372.2,373.16 2 0
github.com/nguyentrunghieu15/vcs-be-prj/pkg/user/main.go:373.16,382.3 2 0
github.com/nguyentrunghieu15/vcs-be-prj/pkg/user/main.go:385.2,386.16 2 0
github.com/nguyentrunghieu15/vcs-be-prj/pkg/user/main.go:386.16,396.3 2 0
github.com/nguyentrunghieu15/vcs-be-prj/pkg/user/main.go:397.2,399.31 2 0
github.com/nguyentrunghieu15/vcs-be-prj/pkg/user/main.go:399.31,401.3 1 0
github.com/nguyentrunghieu15/vcs-be-prj/pkg/user/main.go:403.2,404.16 2 0
github.com/nguyentrunghieu15/vcs-be-prj/pkg/user/main.go:404.16,414.3 2 0
github.com/nguyentrunghieu15/vcs-be-prj/pkg/user/main.go:415.2,415.55 1 0
github.com/nguyentrunghieu15/vcs-be-prj/pkg/user/main.go:419.107,430.9 3 0
github.com/nguyentrunghieu15/vcs-be-prj/pkg/user/main.go:430.9,439.3 2 0
github.com/nguyentrunghieu15/vcs-be-prj/pkg/user/main.go:441.2,442.9 2 0
github.com/nguyentrunghieu15/vcs-be-prj/pkg/user/main.go:442.9,451.3 2 0
github.com/nguyentrunghieu15/vcs-be-prj/pkg/user/main.go:453.2,453.69 1 0
github.com/nguyentrunghieu15/vcs-be-prj/pkg/user/main.go:453.69,462.3 2 0
github.com/nguyentrunghieu15/vcs-be-prj/pkg/user/main.go:467.2,467.39 1 0
github.com/nguyentrunghieu15/vcs-be-prj/pkg/user/main.go:467.39,477.3 2 0
github.com/nguyentrunghieu15/vcs-be-prj/pkg/user/main.go:480.2,481.16 2 0
github.com/nguyentrunghieu15/vcs-be-prj/pkg/user/main.go:481.16,491.3 2 0
github.com/nguyentrunghieu15/vcs-be-prj/pkg/user/main.go:494.2,495.16 2 0
github.com/nguyentrunghieu15/vcs-be-prj/pkg/user/main.go:495.16,504.3 2 0
github.com/nguyentrunghieu15/vcs-be-prj/pkg/user/main.go:506.2,506.31 1 0
github.com/nguyentrunghieu15/vcs-be-prj/pkg/user/main.go:506.31,508.3 1 0
github.com/nguyentrunghieu15/vcs-be-prj/pkg/user/main.go:511.2,512.16 2 0
github.com/nguyentrunghieu15/vcs-be-prj/pkg/user/main.go:512.16,522.3 2 0
github.com/nguyentrunghieu15/vcs-be-prj/pkg/user/main.go:523.2,523.55 1 0
github.com/nguyentrunghieu15/vcs-be-prj/pkg/user/main.go:527.111,538.9 3 0
github.com/nguyentrunghieu15/vcs-be-prj/pkg/user/main.go:538.9,547.3 2 0
github.com/nguyentrunghieu15/vcs-be-prj/pkg/user/main.go:549.2,550.9 2 0
github.com/nguyentrunghieu15/vcs-be-prj/pkg/user/main.go:550.9,559.3 2 0
github.com/nguyentrunghieu15/vcs-be-prj/pkg/user/main.go:561.2,561.69 1 0
github.com/nguyentrunghieu15/vcs-be-prj/pkg/user/main.go:561.69,570.3 2 0
github.com/nguyentrunghieu15/vcs-be-prj/pkg/user/main.go:575.2,575.39 1 0
github.com/nguyentrunghieu15/vcs-be-prj/pkg/user/main.go:575.39,585.3 2 0
github.com/nguyentrunghieu15/vcs-be-prj/pkg/user/main.go:588.2,589.16 2 0
github.com/nguyentrunghieu15/vcs-be-prj/pkg/user/main.go:589.16,599.3 2 0
github.com/nguyentrunghieu15/vcs-be-prj/pkg/user/main.go:601.2,601.31 1 0
github.com/nguyentrunghieu15/vcs-be-prj/pkg/user/main.go:601.31,603.3 1 0
github.com/nguyentrunghieu15/vcs-be-prj/pkg/user/main.go:606.2,607.16 2 0
github.com/nguyentrunghieu15/vcs-be-prj/pkg/user/main.go:607.16,617.3 2 0
github.com/nguyentrunghieu15/vcs-be-prj/pkg/user/main.go:618.2,618.17 1 0
github.com/nguyentrunghieu15/vcs-be-prj/pkg/user/main.go:621.115,624.2 1 0
github.com/nguyentrunghieu15/vcs-be-prj/pkg/user/main.go:626.34,641.16 3 0
github.com/nguyentrunghieu15/vcs-be-prj/pkg/user/main.go:641.16,643.3 1 0
github.com/nguyentrunghieu15/vcs-be-prj/pkg/user/main.go:644.2,658.3 6 0
github.com/nguyentrunghieu15/vcs-be-prj/pkg/user/main.go:661.77,662.14 1 1
github.com/nguyentrunghieu15/vcs-be-prj/pkg/user/main.go:663.23,664.33 1 0
github.com/nguyentrunghieu15/vcs-be-prj/pkg/user/main.go:665.22,666.32 1 0
github.com/nguyentrunghieu15/vcs-be-prj/pkg/user/main.go:667.10,668.32 1 1
github.com/nguyentrunghieu15/vcs-be-prj/pkg/user/main.go:672.77,673.14 1 0
github.com/nguyentrunghieu15/vcs-be-prj/pkg/user/main.go:674.31,675.25 1 0
github.com/nguyentrunghieu15/vcs-be-prj/pkg/user/main.go:676.30,677.24 1 0
github.com/nguyentrunghieu15/vcs-be-prj/pkg/user/main.go:678.10,679.12 1 0
github.com/nguyentrunghieu15/vcs-be-prj/pkg/user/main.go:683.59,697.2 1 1
github.com/nguyentrunghieu15/vcs-be-prj/pkg/user/main.go:699.71,701.22 2 1
github.com/nguyentrunghieu15/vcs-be-prj/pkg/user/main.go:701.22,703.3 1 1
github.com/nguyentrunghieu15/vcs-be-prj/pkg/user/main.go:704.2,704.15 1 1
github.com/nguyentrunghieu15/vcs-be-prj/pkg/user/main.go:709.62,710.32 1 1
github.com/nguyentrunghieu15/vcs-be-prj/pkg/user/main.go:710.32,711.69 1 0
github.com/nguyentrunghieu15/vcs-be-prj/pkg/user/main.go:711.69,713.4 1 0
github.com/nguyentrunghieu15/vcs-be-prj/pkg/user/main.go:715.3,715.65 1 0
github.com/nguyentrunghieu15/vcs-be-prj/pkg/user/main.go:715.65,717.4 1 0
github.com/nguyentrunghieu15/vcs-be-prj/pkg/user/main.go:719.3,719.81 1 0
github.com/nguyentrunghieu15/vcs-be-prj/pkg/user/main.go:719.81,721.4 1 0
github.com/nguyentrunghieu15/vcs-be-prj/pkg/user/main.go:723.3,726.34 1 0
github.com/nguyentrunghieu15/vcs-be-prj/pkg/user/main.go:726.34,728.4 1 0
github.com/nguyentrunghieu15/vcs-be-prj/pkg/user/main.go:730.2,730.12 1 1
github.com/nguyentrunghieu15/vcs-be-prj/pkg/user/user_repo.go:18.62,20.2 1 0
github.com/nguyentrunghieu15/vcs-be-prj/pkg/user/user_repo.go:22.48,23.11 1 0
github.com/nguyentrunghieu15/vcs-be-prj/pkg/user/user_repo.go:24.29,25.12 1 0
github.com/nguyentrunghieu15/vcs-be-prj/pkg/user/user_repo.go:26.18,27.16 1 0
github.com/nguyentrunghieu15/vcs-be-prj/pkg/user/user_repo.go:29.2,29.11 1 0
github.com/nguyentrunghieu15/vcs-be-prj/pkg/user/user_repo.go:32.95,35.32 3 0
github.com/nguyentrunghieu15/vcs-be-prj/pkg/user/user_repo.go:35.32,36.69 1 0
github.com/nguyentrunghieu15/vcs-be-prj/pkg/user/user_repo.go:36.69,38.4 1 0
github.com/nguyentrunghieu15/vcs-be-prj/pkg/user/user_repo.go:39.3,41.67 3 0
github.com/nguyentrunghieu15/vcs-be-prj/pkg/user/user_repo.go:41.67,43.4 1 0
github.com/nguyentrunghieu15/vcs-be-prj/pkg/user/user_repo.go:44.3,44.60 1 0
github.com/nguyentrunghieu15/vcs-be-prj/pkg/user/user_repo.go:44.60,45.98 1 0
github.com/nguyentrunghieu15/vcs-be-prj/pkg/user/user_repo.go:45.98,47.5 1 0
github.com/nguyentrunghieu15/vcs-be-prj/pkg/user/user_repo.go:47.10,49.5 1 0
github.com/nguyentrunghieu15/vcs-be-prj/pkg/user/user_repo.go:53.2,54.25 2 0
github.com/nguyentrunghieu15/vcs-be-prj/pkg/user/user_repo.go:54.25,56.3 1 0
github.com/nguyentrunghieu15/vcs-be-prj/pkg/user/user_repo.go:57.2,57.18 1 0
github.com/nguyentrunghieu15/vcs-be-prj/pkg/user/user_repo.go:60.93,62.16 2 0
github.com/nguyentrunghieu15/vcs-be-prj/pkg/user/user_repo.go:62.16,64.3 1 0
github.com/nguyentrunghieu15/vcs-be-prj/pkg/user/user_repo.go:66.2,69.54 3 0
github.com/nguyentrunghieu15/vcs-be-prj/pkg/user/user_repo.go:69.54,71.3 1 0
github.com/nguyentrunghieu15/vcs-be-prj/pkg/user/user_repo.go:73.2,73.58 1 0
github.com/nguyentrunghieu15/vcs-be-prj/pkg/user/user_repo.go:73.58,74.86 1 0
github.com/nguyentrunghieu15/vcs-be-prj/pkg/user/user_repo.go:74.86,76.4 1 0
github.com/nguyentrunghieu15/vcs-be-prj/pkg/user/user_repo.go:79.2,79.43 1 0
github.com/nguyentrunghieu15/vcs-be-prj/pkg/user/user_repo.go:79.43,81.3 1 0
github.com/nguyentrunghieu15/vcs-be-prj/pkg/user/user_repo.go:83.2,83.34 1 0
github.com/nguyentrunghieu15/vcs-be-prj/pkg/user/user_repo.go:83.34,84.74 1 0
github.com/nguyentrunghieu15/vcs-be-prj/pkg/user/user_repo.go:84.74,86.4 1 0
github.com/nguyentrunghieu15/vcs-be-prj/pkg/user/user_repo.go:87.3,87.73 1 0
github.com/nguyentrunghieu15/vcs-be-prj/pkg/user/user_repo.go:87.73,90.4 1 0
github.com/nguyentrunghieu15/vcs-be-prj/pkg/user/user_repo.go:93.2,93.20 1 0
github.com/nguyentrunghieu15/vcs-be-prj/pkg/user/user_repo.go:96.97,101.16 4 0
github.com/nguyentrunghieu15/vcs-be-prj/pkg/user/user_repo.go:101.16,103.3 1 0
github.com/nguyentrunghieu15/vcs-be-prj/pkg/user/user_repo.go:105.2,108.54 3 0
github.com/nguyentrunghieu15/vcs-be-prj/pkg/user/user_repo.go:108.54,110.3 1 0
github.com/nguyentrunghieu15/vcs-be-prj/pkg/user/user_repo.go:112.2,112.38 1 0
github.com/nguyentrunghieu15/vcs-be-prj/pkg/user/user_repo.go:112.38,113.53 1 0
github.com/nguyentrunghieu15/vcs-be-prj/pkg/user/user_repo.go:113.53,115.4 1 0
github.com/nguyentrunghieu15/vcs-be-prj/pkg/user/user_repo.go:118.2,118.43 1 0
github.com/nguyentrunghieu15/vcs-be-prj/pkg/user/user_repo.go:118.43,120.3 1 0
github.com/nguyentrunghieu15/vcs-be-prj/pkg/user/user_repo.go:122.2,122.34 1 0
github.com/nguyentrunghieu15/vcs-be-prj/pkg/user/user_repo.go:122.34,123.48 1 0
github.com/nguyentrunghieu15/vcs-be-prj/pkg/user/user_repo.go:123.48,125.4 1 0
github.com/nguyentrunghieu15/vcs-be-prj/pkg/user/user_repo.go:126.3,126.47 1 0
github.com/nguyentrunghieu15/vcs-be-prj/pkg/user/user_repo.go:126.47,128.4 1 0
github.com/nguyentrunghieu15/vcs-be-prj/pkg/user/user_repo.go:131.2,131.20 1 0
